TN:
SF:src/LinearVest.sol
DA:67,17
FN:67,LinearVest.createVest
FNDA:17,LinearVest.createVest
DA:75,17
BRDA:75,0,0,1
BRDA:75,0,1,16
DA:76,16
BRDA:76,1,0,1
BRDA:76,1,1,15
DA:77,15
BRDA:77,2,0,1
BRDA:77,2,1,14
DA:78,14
BRDA:78,3,0,1
BRDA:78,3,1,13
DA:79,13
BRDA:79,4,0,1
BRDA:79,4,1,12
DA:81,12
DA:82,12
BRDA:82,5,0,1
BRDA:82,5,1,11
DA:83,11
DA:92,11
DA:93,11
DA:94,11
DA:95,11
BRDA:95,6,0,1
BRDA:95,6,1,10
DA:97,10
DA:99,10
DA:108,8
FN:108,LinearVest.withdrawVest
FNDA:8,LinearVest.withdrawVest
DA:109,8
DA:110,8
DA:111,8
BRDA:111,7,0,1
BRDA:111,7,1,7
DA:112,7
BRDA:112,8,0,1
BRDA:112,8,1,6
DA:113,6
BRDA:113,9,0,1
BRDA:113,9,1,5
DA:115,5
DA:116,5
DA:118,5
BRDA:118,10,0,2
DA:119,2
DA:122,5
DA:124,5
DA:136,7
FN:136,LinearVest.computeVestId
FNDA:7,LinearVest.computeVestId
DA:144,19
FNF:3
FNH:3
LF:29
LH:29
BRF:21
BRH:21
end_of_record
TN:
SF:test/LinearVest.t.sol
DA:14,12
FN:14,RareTokenERC20.mint
FNDA:12,RareTokenERC20.mint
DA:15,12
DA:24,1
FN:24,RareTokenFeeOnTransfer.mint
FNDA:1,RareTokenFeeOnTransfer.mint
DA:25,1
DA:28,2
FN:28,RareTokenFeeOnTransfer._update
FNDA:2,RareTokenFeeOnTransfer._update
DA:29,2
DA:32,2
FNF:3
FNH:3
LF:7
LH:7
BRF:0
BRH:0
end_of_record
